[Fri Apr 27 13:47:20 2018] INFO: Opened log file Urho3D.log
[Fri Apr 27 13:47:20 2018] INFO: Created 3 worker threads
[Fri Apr 27 13:47:20 2018] INFO: Added resource path /home/nickshu/GithubRepos/Urho3D-Template/cmake-build-debug/bin/Data/
[Fri Apr 27 13:47:20 2018] INFO: Added resource path /home/nickshu/GithubRepos/Urho3D-Template/cmake-build-debug/bin/CoreData/
[Fri Apr 27 13:47:20 2018] INFO: Set screen mode 1280x720 windowed monitor 0 resizable
[Fri Apr 27 13:47:20 2018] INFO: Initialized input
[Fri Apr 27 13:47:20 2018] INFO: Initialized user interface
[Fri Apr 27 13:47:20 2018] INFO: Initialized renderer
[Fri Apr 27 13:47:20 2018] INFO: Set audio mode 44100 Hz stereo interpolated
[Fri Apr 27 13:47:20 2018] INFO: Initialized engine
[Fri Apr 27 13:47:21 2018] INFO: Keys: tab = toggle mouse, AWSD = move camera, Shift = fast mode, Esc = quit.
126 frames in 1.0006 seconds = 125.91 fps
[Fri Apr 27 13:47:22 2018] INFO: Keys: tab = toggle mouse, AWSD = move camera, Shift = fast mode, Esc = quit.
138 frames in 1.0090 seconds = 136.76 fps
[Fri Apr 27 13:47:23 2018] INFO: Keys: tab = toggle mouse, AWSD = move camera, Shift = fast mode, Esc = quit.
132 frames in 1.0042 seconds = 131.44 fps
[Fri Apr 27 13:47:24 2018] INFO: Keys: tab = toggle mouse, AWSD = move camera, Shift = fast mode, Esc = quit.
148 frames in 1.0007 seconds = 147.88 fps
[Fri Apr 27 13:47:25 2018] INFO: Keys: tab = toggle mouse, AWSD = move camera, Shift = fast mode, Esc = quit.
150 frames in 1.0035 seconds = 149.46 fps
[Fri Apr 27 13:47:26 2018] INFO: Keys: tab = toggle mouse, AWSD = move camera, Shift = fast mode, Esc = quit.
150 frames in 1.0027 seconds = 149.59 fps
[Fri Apr 27 13:47:27 2018] INFO: Keys: tab = toggle mouse, AWSD = move camera, Shift = fast mode, Esc = quit.
148 frames in 1.0014 seconds = 147.78 fps
[Fri Apr 27 13:47:28 2018] INFO: Keys: tab = toggle mouse, AWSD = move camera, Shift = fast mode, Esc = quit.
150 frames in 1.0087 seconds = 148.69 fps
[Fri Apr 27 13:47:29 2018] INFO: Keys: tab = toggle mouse, AWSD = move camera, Shift = fast mode, Esc = quit.
150 frames in 1.0050 seconds = 149.24 fps
[Fri Apr 27 13:47:30 2018] INFO: Keys: tab = toggle mouse, AWSD = move camera, Shift = fast mode, Esc = quit.
151 frames in 1.0043 seconds = 150.34 fps
[Fri Apr 27 13:47:31 2018] INFO: Keys: tab = toggle mouse, AWSD = move camera, Shift = fast mode, Esc = quit.
150 frames in 1.0047 seconds = 149.28 fps
